[2023-04-10 17:43:56] production.ERROR: There are no commands defined in the "migration" namespace.

Did you mean this?
    migrate {"exception":"[object] (Symfony\\Component\\Console\\Exception\\NamespaceNotFoundException(code: 0): There are no commands defined in the \"migration\" namespace.

Did you mean this?
    migrate at C:\\Users\\joseg\\Documents\\Github\\AcomodoMyTravel\\vendor\\symfony\\console\\Application.php:624)
[stacktrace]
#0 C:\\Users\\joseg\\Documents\\Github\\AcomodoMyTravel\\vendor\\symfony\\console\\Application.php(675): Symfony\\Component\\Console\\Application->findNamespace('migration')
#1 C:\\Users\\joseg\\Documents\\Github\\AcomodoMyTravel\\vendor\\symfony\\console\\Application.php(259): Symfony\\Component\\Console\\Application->find('migration:refre...')
#2 C:\\Users\\joseg\\Documents\\Github\\AcomodoMyTravel\\vendor\\symfony\\console\\Application.php(171): Symfony\\Component\\Console\\Application->doRun(Object(Symfony\\Component\\Console\\Input\\ArgvInput), Object(Symfony\\Component\\Console\\Output\\ConsoleOutput))
#3 C:\\Users\\joseg\\Documents\\Github\\AcomodoMyTravel\\vendor\\laravel\\framework\\src\\Illuminate\\Console\\Application.php(102): Symfony\\Component\\Console\\Application->run(Object(Symfony\\Component\\Console\\Input\\ArgvInput), Object(Symfony\\Component\\Console\\Output\\ConsoleOutput))
#4 C:\\Users\\joseg\\Documents\\Github\\AcomodoMyTravel\\vendor\\laravel\\framework\\src\\Illuminate\\Foundation\\Console\\Kernel.php(155): Illuminate\\Console\\Application->run(Object(Symfony\\Component\\Console\\Input\\ArgvInput), Object(Symfony\\Component\\Console\\Output\\ConsoleOutput))
#5 C:\\Users\\joseg\\Documents\\Github\\AcomodoMyTravel\\artisan(40): Illuminate\\Foundation\\Console\\Kernel->handle(Object(Symfony\\Component\\Console\\Input\\ArgvInput), Object(Symfony\\Component\\Console\\Output\\ConsoleOutput))
#6 {main}
"} 
[2023-04-10 17:48:22] production.ERROR: Command "seed" is not defined.

Did you mean one of these?
    db:seed
    make:seeder {"exception":"[object] (Symfony\\Component\\Console\\Exception\\CommandNotFoundException(code: 0): Command \"seed\" is not defined.

Did you mean one of these?
    db:seed
    make:seeder at C:\\Users\\joseg\\Documents\\Github\\AcomodoMyTravel\\vendor\\symfony\\console\\Application.php:694)
[stacktrace]
#0 C:\\Users\\joseg\\Documents\\Github\\AcomodoMyTravel\\vendor\\symfony\\console\\Application.php(259): Symfony\\Component\\Console\\Application->find('seed')
#1 C:\\Users\\joseg\\Documents\\Github\\AcomodoMyTravel\\vendor\\symfony\\console\\Application.php(171): Symfony\\Component\\Console\\Application->doRun(Object(Symfony\\Component\\Console\\Input\\ArgvInput), Object(Symfony\\Component\\Console\\Output\\ConsoleOutput))
#2 C:\\Users\\joseg\\Documents\\Github\\AcomodoMyTravel\\vendor\\laravel\\framework\\src\\Illuminate\\Console\\Application.php(102): Symfony\\Component\\Console\\Application->run(Object(Symfony\\Component\\Console\\Input\\ArgvInput), Object(Symfony\\Component\\Console\\Output\\ConsoleOutput))
#3 C:\\Users\\joseg\\Documents\\Github\\AcomodoMyTravel\\vendor\\laravel\\framework\\src\\Illuminate\\Foundation\\Console\\Kernel.php(155): Illuminate\\Console\\Application->run(Object(Symfony\\Component\\Console\\Input\\ArgvInput), Object(Symfony\\Component\\Console\\Output\\ConsoleOutput))
#4 C:\\Users\\joseg\\Documents\\Github\\AcomodoMyTravel\\artisan(40): Illuminate\\Foundation\\Console\\Kernel->handle(Object(Symfony\\Component\\Console\\Input\\ArgvInput), Object(Symfony\\Component\\Console\\Output\\ConsoleOutput))
#5 {main}
"} 
